<?xml version="1.0" encoding="UTF-8"?>
<testsuite xmlns:xsi="http://www.w3.org/2001/XMLSchema-instance" xsi:noNamespaceSchemaLocation="https://maven.apache.org/surefire/maven-surefire-plugin/xsd/surefire-test-report-3.0.xsd" version="3.0" name="com.crm.controller.TaskControllerIntegrationTest" time="9.888" tests="8" errors="4" skipped="0" failures="0">
  <properties>
[...]
</properties>
  <testcase name="deleteTask_shouldReturnNoContentWhenFound" classname="com.crm.controller.TaskControllerIntegrationTest" time="0.557">
    <error message="Request processing failed: com.crm.exception.TaskNotFoundException: Task not found with id: 3" type="jakarta.servlet.ServletException"><![CDATA[jakarta.servlet.ServletException: Request processing failed: com.crm.exception.TaskNotFoundException: Task not found with id: 3
	at org.springframework.web.servlet.FrameworkServlet.processRequest(FrameworkServlet.java:1022)
	at org.springframework.web.servlet.FrameworkServlet.doGet(FrameworkServlet.java:903)
	at jakarta.servlet.http.HttpServlet.service(HttpServlet.java:564)
	at org.springframework.web.servlet.FrameworkServlet.service(FrameworkServlet.java:885)
	at org.springframework.test.web.servlet.TestDispatcherServlet.service(TestDispatcherServlet.java:72)
	at jakarta.servlet.http.HttpServlet.service(HttpServlet.java:658)
	at org.springframework.mock.web.MockFilterChain$ServletFilterProxy.doFilter(MockFilterChain.java:165)
	at org.springframework.mock.web.MockFilterChain.doFilter(MockFilterChain.java:132)
	at org.springframework.web.filter.RequestContextFilter.doFilterInternal(RequestContextFilter.java:100)
	at org.springframework.web.filter.OncePerRequestFilter.doFilter(OncePerRequestFilter.java:116)
	at org.springframework.test.web.servlet.setup.MockMvcFilterDecorator.doFilter(MockMvcFilterDecorator.java:151)
	at org.springframework.mock.web.MockFilterChain.doFilter(MockFilterChain.java:132)
	at org.springframework.web.filter.FormContentFilter.doFilterInternal(FormContentFilter.java:93)
	at org.springframework.web.filter.OncePerRequestFilter.doFilter(OncePerRequestFilter.java:116)
	at org.springframework.test.web.servlet.setup.MockMvcFilterDecorator.doFilter(MockMvcFilterDecorator.java:151)
	at org.springframework.mock.web.MockFilterChain.doFilter(MockFilterChain.java:132)
	at org.springframework.web.filter.CharacterEncodingFilter.doFilterInternal(CharacterEncodingFilter.java:201)
	at org.springframework.web.filter.OncePerRequestFilter.doFilter(OncePerRequestFilter.java:116)
	at org.springframework.test.web.servlet.setup.MockMvcFilterDecorator.doFilter(MockMvcFilterDecorator.java:151)
	at org.springframework.mock.web.MockFilterChain.doFilter(MockFilterChain.java:132)
	at org.springframework.test.web.servlet.MockMvc.perform(MockMvc.java:201)
	at com.crm.controller.TaskControllerIntegrationTest.deleteTask_shouldReturnNoContentWhenFound(TaskControllerIntegrationTest.java:132)
	at java.base/java.lang.reflect.Method.invoke(Method.java:568)
	at java.base/java.util.ArrayList.forEach(ArrayList.java:1511)
	at java.base/java.util.ArrayList.forEach(ArrayList.java:1511)
Caused by: com.crm.exception.TaskNotFoundException: Task not found with id: 3
	at com.crm.service.impl.TaskServiceImpl.getTaskById(TaskServiceImpl.java:70)
	at com.crm.controller.TaskController.getTaskById(TaskController.java:50)
	at java.base/jdk.internal.reflect.NativeMethodAccessorImpl.invoke0(Native Method)
	at java.base/jdk.internal.reflect.NativeMethodAccessorImpl.invoke(NativeMethodAccessorImpl.java:77)
	at java.base/jdk.internal.reflect.DelegatingMethodAccessorImpl.invoke(DelegatingMethodAccessorImpl.java:43)
	at java.base/java.lang.reflect.Method.invoke(Method.java:568)
	at org.springframework.web.method.support.InvocableHandlerMethod.doInvoke(InvocableHandlerMethod.java:259)
	at org.springframework.web.method.support.InvocableHandlerMethod.invokeForRequest(InvocableHandlerMethod.java:192)
	at org.springframework.web.servlet.mvc.method.annotation.ServletInvocableHandlerMethod.invokeAndHandle(ServletInvocableHandlerMethod.java:118)
	at org.springframework.web.servlet.mvc.method.annotation.RequestMappingHandlerAdapter.invokeHandlerMethod(RequestMappingHandlerAdapter.java:920)
	at org.springframework.web.servlet.mvc.method.annotation.RequestMappingHandlerAdapter.handleInternal(RequestMappingHandlerAdapter.java:830)
	at org.springframework.web.servlet.mvc.method.AbstractHandlerMethodAdapter.handle(AbstractHandlerMethodAdapter.java:87)
	at org.springframework.web.servlet.DispatcherServlet.doDispatch(DispatcherServlet.java:1089)
	at org.springframework.web.servlet.DispatcherServlet.doService(DispatcherServlet.java:979)
	at org.springframework.web.servlet.FrameworkServlet.processRequest(FrameworkServlet.java:1014)
	... 24 more
]]></error>
    <system-out><![CDATA[
  .   ____          _            __ _ _
 /\\ / ___'_ __ _ _(_)_ __  __ _ \ \ \ \
( ( )\___ | '_ | '_| | '_ \/ _` | \ \ \ \
 \\/  ___)| |_)| | | | | || (_| |  ) ) ) )
  '  |____| .__|_| |_|_| |_\__, | / / / /
 =========|_|==============|___/=/_/_/_/
 :: Spring Boot ::                (v3.2.3)

2025-06-01T17:23:03.987+05:30  INFO 43712 --- [crm-service] [           main] c.c.c.TaskControllerIntegrationTest      : Starting TaskControllerIntegrationTest using Java 17.0.5 with PID 43712 (started by Tech in D:\Anjani\Misogi\Crucible-Week\crm_project\backend\crm_service)
2025-06-01T17:23:03.991+05:30 DEBUG 43712 --- [crm-service] [           main] c.c.c.TaskControllerIntegrationTest      : Running with Spring Boot v3.2.3, Spring v6.1.4
2025-06-01T17:23:03.991+05:30  INFO 43712 --- [crm-service] [           main] c.c.c.TaskControllerIntegrationTest      : The following 1 profile is active: "test"
2025-06-01T17:23:05.497+05:30  INFO 43712 --- [crm-service] [           main] .s.d.r.c.RepositoryConfigurationDelegate : Bootstrapping Spring Data JPA repositories in DEFAULT mode.
2025-06-01T17:23:05.633+05:30  INFO 43712 --- [crm-service] [           main] .s.d.r.c.RepositoryConfigurationDelegate : Finished Spring Data repository scanning in 120 ms. Found 4 JPA repository interfaces.
2025-06-01T17:23:06.308+05:30  INFO 43712 --- [crm-service] [           main] o.hibernate.jpa.internal.util.LogHelper  : HHH000204: Processing PersistenceUnitInfo [name: default]
2025-06-01T17:23:06.478+05:30  INFO 43712 --- [crm-service] [           main] org.hibernate.Version                    : HHH000412: Hibernate ORM core version 6.4.4.Final
2025-06-01T17:23:06.639+05:30  INFO 43712 --- [crm-service] [           main] o.h.c.internal.RegionFactoryInitiator    : HHH000026: Second-level cache disabled
2025-06-01T17:23:06.832+05:30  INFO 43712 --- [crm-service] [           main] o.s.o.j.p.SpringPersistenceUnitInfo      : No LoadTimeWeaver setup: ignoring JPA class transformer
2025-06-01T17:23:06.875+05:30  INFO 43712 --- [crm-service] [           main] com.zaxxer.hikari.HikariDataSource       : HikariPool-1 - Starting...
2025-06-01T17:23:07.140+05:30  INFO 43712 --- [crm-service] [           main] com.zaxxer.hikari.pool.HikariPool        : HikariPool-1 - Added connection org.postgresql.jdbc.PgConnection@75f65d54
2025-06-01T17:23:07.143+05:30  INFO 43712 --- [crm-service] [           main] com.zaxxer.hikari.HikariDataSource       : HikariPool-1 - Start completed.
2025-06-01T17:23:07.191+05:30  WARN 43712 --- [crm-service] [           main] org.hibernate.orm.deprecation            : HHH90000025: PostgreSQLDialect does not need to be specified explicitly using 'hibernate.dialect' (remove the property setting and it will be selected by default)
2025-06-01T17:23:08.475+05:30  INFO 43712 --- [crm-service] [           main] o.h.e.t.j.p.i.JtaPlatformInitiator       : HHH000489: No JTA platform available (set 'hibernate.transaction.jta.platform' to enable JTA platform integration)
2025-06-01T17:23:08.673+05:30  INFO 43712 --- [crm-service] [           main] j.LocalContainerEntityManagerFactoryBean : Initialized JPA EntityManagerFactory for persistence unit 'default'
2025-06-01T17:23:09.346+05:30  INFO 43712 --- [crm-service] [           main] o.s.d.j.r.query.QueryEnhancerFactory     : Hibernate is in classpath; If applicable, HQL parser will be used.
2025-06-01T17:23:10.691+05:30  WARN 43712 --- [crm-service] [           main] JpaBaseConfiguration$JpaWebConfiguration : spring.jpa.open-in-view is enabled by default. Therefore, database queries may be performed during view rendering. Explicitly configure spring.jpa.open-in-view to disable this warning
2025-06-01T17:23:11.418+05:30  INFO 43712 --- [crm-service] [           main] o.s.b.t.m.w.SpringBootMockServletContext : Initializing Spring TestDispatcherServlet ''
2025-06-01T17:23:11.420+05:30  INFO 43712 --- [crm-service] [           main] o.s.t.web.servlet.TestDispatcherServlet  : Initializing Servlet ''
2025-06-01T17:23:11.423+05:30  INFO 43712 --- [crm-service] [           main] o.s.t.web.servlet.TestDispatcherServlet  : Completed initialization in 3 ms
2025-06-01T17:23:11.500+05:30  INFO 43712 --- [crm-service] [           main] c.c.c.TaskControllerIntegrationTest      : Started TaskControllerIntegrationTest in 8.069 seconds (process running for 11.326)
Hibernate: 
    select
        t1_0.id,
        t1_0.assignee,
        t1_0.completed,
        t1_0.description,
        t1_0.due_date,
        t1_0.priority,
        t1_0.title 
    from
        task t1_0
Hibernate: 
    delete 
    from
        task 
    where
        id=?
Hibernate: 
    delete 
    from
        task 
    where
        id=?
Hibernate: 
    insert 
    into
        task
        (assignee, completed, description, due_date, priority, title) 
    values
        (?, ?, ?, ?, ?, ?)
2025-06-01T17:23:11.993+05:30  INFO 43712 --- [crm-service] [           main] com.crm.service.impl.TaskServiceImpl     : Deleting task with ID: 3
Hibernate: 
    select
        count(*) 
    from
        task t1_0 
    where
        t1_0.id=?
Hibernate: 
    select
        t1_0.id,
        t1_0.assignee,
        t1_0.completed,
        t1_0.description,
        t1_0.due_date,
        t1_0.priority,
        t1_0.title 
    from
        task t1_0 
    where
        t1_0.id=?
Hibernate: 
    delete 
    from
        task 
    where
        id=?
2025-06-01T17:23:12.053+05:30  INFO 43712 --- [crm-service] [           main] com.crm.service.impl.TaskServiceImpl     : Task with ID 3 deleted successfully
2025-06-01T17:23:12.071+05:30  INFO 43712 --- [crm-service] [           main] com.crm.service.impl.TaskServiceImpl     : Fetching task with ID: 3
Hibernate: 
    select
        t1_0.id,
        t1_0.assignee,
        t1_0.completed,
        t1_0.description,
        t1_0.due_date,
        t1_0.priority,
        t1_0.title 
    from
        task t1_0 
    where
        t1_0.id=?
2025-06-01T17:23:12.074+05:30  WARN 43712 --- [crm-service] [           main] com.crm.service.impl.TaskServiceImpl     : Task with ID 3 not found
Hibernate: 
    select
        t1_0.id,
        t1_0.assignee,
        t1_0.completed,
        t1_0.description,
        t1_0.due_date,
        t1_0.priority,
        t1_0.title 
    from
        task t1_0

MockHttpServletRequest:
      HTTP Method = DELETE
      Request URI = /api/tasks/3
       Parameters = {}
          Headers = []
             Body = null
    Session Attrs = {}

Handler:
             Type = com.crm.controller.TaskController
           Method = com.crm.controller.TaskController#deleteTask(Long)

Async:
    Async started = false
     Async result = null

Resolved Exception:
             Type = null

ModelAndView:
        View name = null
             View = null
            Model = null

FlashMap:
       Attributes = null

MockHttpServletResponse:
           Status = 204
    Error message = null
          Headers = [Vary:"Origin", "Access-Control-Request-Method", "Access-Control-Request-Headers"]
     Content type = null
             Body = 
    Forwarded URL = null
   Redirected URL = null
          Cookies = []
]]></system-out>
  </testcase>
  <testcase name="createTask_shouldReturnCreatedTask" classname="com.crm.controller.TaskControllerIntegrationTest" time="0.337">
    <system-out><![CDATA[Hibernate: 
    select
        t1_0.id,
        t1_0.assignee,
        t1_0.completed,
        t1_0.description,
        t1_0.due_date,
        t1_0.priority,
        t1_0.title 
    from
        task t1_0
2025-06-01T17:23:12.302+05:30  INFO 43712 --- [crm-service] [           main] com.crm.service.impl.TaskServiceImpl     : Creating task with title: Integration Test Task
Hibernate: 
    insert 
    into
        task
        (assignee, completed, description, due_date, priority, title) 
    values
        (?, ?, ?, ?, ?, ?)
2025-06-01T17:23:12.309+05:30  INFO 43712 --- [crm-service] [           main] com.crm.service.impl.TaskServiceImpl     : Task created with ID: 4
Hibernate: 
    select
        t1_0.id,
        t1_0.assignee,
        t1_0.completed,
        t1_0.description,
        t1_0.due_date,
        t1_0.priority,
        t1_0.title 
    from
        task t1_0
Hibernate: 
    delete 
    from
        task 
    where
        id=?
]]></system-out>
  </testcase>
  <testcase name="updateTask_shouldReturnUpdatedTaskWhenFound" classname="com.crm.controller.TaskControllerIntegrationTest" time="0.06">
    <system-out><![CDATA[Hibernate: 
    select
        t1_0.id,
        t1_0.assignee,
        t1_0.completed,
        t1_0.description,
        t1_0.due_date,
        t1_0.priority,
        t1_0.title 
    from
        task t1_0
Hibernate: 
    insert 
    into
        task
        (assignee, completed, description, due_date, priority, title) 
    values
        (?, ?, ?, ?, ?, ?)
2025-06-01T17:23:12.457+05:30  INFO 43712 --- [crm-service] [           main] com.crm.service.impl.TaskServiceImpl     : Updating task with ID: 5
Hibernate: 
    select
        t1_0.id,
        t1_0.assignee,
        t1_0.completed,
        t1_0.description,
        t1_0.due_date,
        t1_0.priority,
        t1_0.title 
    from
        task t1_0 
    where
        t1_0.id=?
2025-06-01T17:23:12.465+05:30  INFO 43712 --- [crm-service] [           main] com.crm.service.impl.TaskServiceImpl     : Task with ID 5 found for update
Hibernate: 
    update
        task 
    set
        assignee=?,
        completed=?,
        description=?,
        due_date=?,
        priority=?,
        title=? 
    where
        id=?
2025-06-01T17:23:12.484+05:30  INFO 43712 --- [crm-service] [           main] com.crm.service.impl.TaskServiceImpl     : Task with ID 5 updated successfully
Hibernate: 
    select
        t1_0.id,
        t1_0.assignee,
        t1_0.completed,
        t1_0.description,
        t1_0.due_date,
        t1_0.priority,
        t1_0.title 
    from
        task t1_0
Hibernate: 
    delete 
    from
        task 
    where
        id=?
]]></system-out>
  </testcase>
  <testcase name="updateTask_shouldReturnNotFoundWhenTaskNotFound" classname="com.crm.controller.TaskControllerIntegrationTest" time="0.026">
    <error message="Request processing failed: com.crm.exception.TaskNotFoundException: Task not found with id: 999" type="jakarta.servlet.ServletException"><![CDATA[jakarta.servlet.ServletException: Request processing failed: com.crm.exception.TaskNotFoundException: Task not found with id: 999
	at org.springframework.web.servlet.FrameworkServlet.processRequest(FrameworkServlet.java:1022)
	at org.springframework.web.servlet.FrameworkServlet.doPut(FrameworkServlet.java:925)
	at jakarta.servlet.http.HttpServlet.service(HttpServlet.java:593)
	at org.springframework.web.servlet.FrameworkServlet.service(FrameworkServlet.java:885)
	at org.springframework.test.web.servlet.TestDispatcherServlet.service(TestDispatcherServlet.java:72)
	at jakarta.servlet.http.HttpServlet.service(HttpServlet.java:658)
	at org.springframework.mock.web.MockFilterChain$ServletFilterProxy.doFilter(MockFilterChain.java:165)
	at org.springframework.mock.web.MockFilterChain.doFilter(MockFilterChain.java:132)
	at org.springframework.web.filter.RequestContextFilter.doFilterInternal(RequestContextFilter.java:100)
	at org.springframework.web.filter.OncePerRequestFilter.doFilter(OncePerRequestFilter.java:116)
	at org.springframework.test.web.servlet.setup.MockMvcFilterDecorator.doFilter(MockMvcFilterDecorator.java:151)
	at org.springframework.mock.web.MockFilterChain.doFilter(MockFilterChain.java:132)
	at org.springframework.web.filter.FormContentFilter.doFilterInternal(FormContentFilter.java:93)
	at org.springframework.web.filter.OncePerRequestFilter.doFilter(OncePerRequestFilter.java:116)
	at org.springframework.test.web.servlet.setup.MockMvcFilterDecorator.doFilter(MockMvcFilterDecorator.java:151)
	at org.springframework.mock.web.MockFilterChain.doFilter(MockFilterChain.java:132)
	at org.springframework.web.filter.CharacterEncodingFilter.doFilterInternal(CharacterEncodingFilter.java:201)
	at org.springframework.web.filter.OncePerRequestFilter.doFilter(OncePerRequestFilter.java:116)
	at org.springframework.test.web.servlet.setup.MockMvcFilterDecorator.doFilter(MockMvcFilterDecorator.java:151)
	at org.springframework.mock.web.MockFilterChain.doFilter(MockFilterChain.java:132)
	at org.springframework.test.web.servlet.MockMvc.perform(MockMvc.java:201)
	at com.crm.controller.TaskControllerIntegrationTest.updateTask_shouldReturnNotFoundWhenTaskNotFound(TaskControllerIntegrationTest.java:115)
	at java.base/java.lang.reflect.Method.invoke(Method.java:568)
	at java.base/java.util.ArrayList.forEach(ArrayList.java:1511)
	at java.base/java.util.ArrayList.forEach(ArrayList.java:1511)
Caused by: com.crm.exception.TaskNotFoundException: Task not found with id: 999
	at com.crm.service.impl.TaskServiceImpl.updateTask(TaskServiceImpl.java:102)
	at com.crm.controller.TaskController.updateTask(TaskController.java:60)
	at java.base/jdk.internal.reflect.NativeMethodAccessorImpl.invoke0(Native Method)
	at java.base/jdk.internal.reflect.NativeMethodAccessorImpl.invoke(NativeMethodAccessorImpl.java:77)
	at java.base/jdk.internal.reflect.DelegatingMethodAccessorImpl.invoke(DelegatingMethodAccessorImpl.java:43)
	at java.base/java.lang.reflect.Method.invoke(Method.java:568)
	at org.springframework.web.method.support.InvocableHandlerMethod.doInvoke(InvocableHandlerMethod.java:259)
	at org.springframework.web.method.support.InvocableHandlerMethod.invokeForRequest(InvocableHandlerMethod.java:192)
	at org.springframework.web.servlet.mvc.method.annotation.ServletInvocableHandlerMethod.invokeAndHandle(ServletInvocableHandlerMethod.java:118)
	at org.springframework.web.servlet.mvc.method.annotation.RequestMappingHandlerAdapter.invokeHandlerMethod(RequestMappingHandlerAdapter.java:920)
	at org.springframework.web.servlet.mvc.method.annotation.RequestMappingHandlerAdapter.handleInternal(RequestMappingHandlerAdapter.java:830)
	at org.springframework.web.servlet.mvc.method.AbstractHandlerMethodAdapter.handle(AbstractHandlerMethodAdapter.java:87)
	at org.springframework.web.servlet.DispatcherServlet.doDispatch(DispatcherServlet.java:1089)
	at org.springframework.web.servlet.DispatcherServlet.doService(DispatcherServlet.java:979)
	at org.springframework.web.servlet.FrameworkServlet.processRequest(FrameworkServlet.java:1014)
	... 24 more
]]></error>
    <system-out><![CDATA[Hibernate: 
    select
        t1_0.id,
        t1_0.assignee,
        t1_0.completed,
        t1_0.description,
        t1_0.due_date,
        t1_0.priority,
        t1_0.title 
    from
        task t1_0
2025-06-01T17:23:12.516+05:30  INFO 43712 --- [crm-service] [           main] com.crm.service.impl.TaskServiceImpl     : Updating task with ID: 999
Hibernate: 
    select
        t1_0.id,
        t1_0.assignee,
        t1_0.completed,
        t1_0.description,
        t1_0.due_date,
        t1_0.priority,
        t1_0.title 
    from
        task t1_0 
    where
        t1_0.id=?
2025-06-01T17:23:12.519+05:30  WARN 43712 --- [crm-service] [           main] com.crm.service.impl.TaskServiceImpl     : Task with ID 999 not found for update
Hibernate: 
    select
        t1_0.id,
        t1_0.assignee,
        t1_0.completed,
        t1_0.description,
        t1_0.due_date,
        t1_0.priority,
        t1_0.title 
    from
        task t1_0
]]></system-out>
  </testcase>
  <testcase name="getTaskById_shouldReturnNotFoundWhenTaskNotFound" classname="com.crm.controller.TaskControllerIntegrationTest" time="0.028">
    <error message="Request processing failed: com.crm.exception.TaskNotFoundException: Task not found with id: 999" type="jakarta.servlet.ServletException"><![CDATA[jakarta.servlet.ServletException: Request processing failed: com.crm.exception.TaskNotFoundException: Task not found with id: 999
	at org.springframework.web.servlet.FrameworkServlet.processRequest(FrameworkServlet.java:1022)
	at org.springframework.web.servlet.FrameworkServlet.doGet(FrameworkServlet.java:903)
	at jakarta.servlet.http.HttpServlet.service(HttpServlet.java:564)
	at org.springframework.web.servlet.FrameworkServlet.service(FrameworkServlet.java:885)
	at org.springframework.test.web.servlet.TestDispatcherServlet.service(TestDispatcherServlet.java:72)
	at jakarta.servlet.http.HttpServlet.service(HttpServlet.java:658)
	at org.springframework.mock.web.MockFilterChain$ServletFilterProxy.doFilter(MockFilterChain.java:165)
	at org.springframework.mock.web.MockFilterChain.doFilter(MockFilterChain.java:132)
	at org.springframework.web.filter.RequestContextFilter.doFilterInternal(RequestContextFilter.java:100)
	at org.springframework.web.filter.OncePerRequestFilter.doFilter(OncePerRequestFilter.java:116)
	at org.springframework.test.web.servlet.setup.MockMvcFilterDecorator.doFilter(MockMvcFilterDecorator.java:151)
	at org.springframework.mock.web.MockFilterChain.doFilter(MockFilterChain.java:132)
	at org.springframework.web.filter.FormContentFilter.doFilterInternal(FormContentFilter.java:93)
	at org.springframework.web.filter.OncePerRequestFilter.doFilter(OncePerRequestFilter.java:116)
	at org.springframework.test.web.servlet.setup.MockMvcFilterDecorator.doFilter(MockMvcFilterDecorator.java:151)
	at org.springframework.mock.web.MockFilterChain.doFilter(MockFilterChain.java:132)
	at org.springframework.web.filter.CharacterEncodingFilter.doFilterInternal(CharacterEncodingFilter.java:201)
	at org.springframework.web.filter.OncePerRequestFilter.doFilter(OncePerRequestFilter.java:116)
	at org.springframework.test.web.servlet.setup.MockMvcFilterDecorator.doFilter(MockMvcFilterDecorator.java:151)
	at org.springframework.mock.web.MockFilterChain.doFilter(MockFilterChain.java:132)
	at org.springframework.test.web.servlet.MockMvc.perform(MockMvc.java:201)
	at com.crm.controller.TaskControllerIntegrationTest.getTaskById_shouldReturnNotFoundWhenTaskNotFound(TaskControllerIntegrationTest.java:86)
	at java.base/java.lang.reflect.Method.invoke(Method.java:568)
	at java.base/java.util.ArrayList.forEach(ArrayList.java:1511)
	at java.base/java.util.ArrayList.forEach(ArrayList.java:1511)
Caused by: com.crm.exception.TaskNotFoundException: Task not found with id: 999
	at com.crm.service.impl.TaskServiceImpl.getTaskById(TaskServiceImpl.java:70)
	at com.crm.controller.TaskController.getTaskById(TaskController.java:50)
	at java.base/jdk.internal.reflect.NativeMethodAccessorImpl.invoke0(Native Method)
	at java.base/jdk.internal.reflect.NativeMethodAccessorImpl.invoke(NativeMethodAccessorImpl.java:77)
	at java.base/jdk.internal.reflect.DelegatingMethodAccessorImpl.invoke(DelegatingMethodAccessorImpl.java:43)
	at java.base/java.lang.reflect.Method.invoke(Method.java:568)
	at org.springframework.web.method.support.InvocableHandlerMethod.doInvoke(InvocableHandlerMethod.java:259)
	at org.springframework.web.method.support.InvocableHandlerMethod.invokeForRequest(InvocableHandlerMethod.java:192)
	at org.springframework.web.servlet.mvc.method.annotation.ServletInvocableHandlerMethod.invokeAndHandle(ServletInvocableHandlerMethod.java:118)
	at org.springframework.web.servlet.mvc.method.annotation.RequestMappingHandlerAdapter.invokeHandlerMethod(RequestMappingHandlerAdapter.java:920)
	at org.springframework.web.servlet.mvc.method.annotation.RequestMappingHandlerAdapter.handleInternal(RequestMappingHandlerAdapter.java:830)
	at org.springframework.web.servlet.mvc.method.AbstractHandlerMethodAdapter.handle(AbstractHandlerMethodAdapter.java:87)
	at org.springframework.web.servlet.DispatcherServlet.doDispatch(DispatcherServlet.java:1089)
	at org.springframework.web.servlet.DispatcherServlet.doService(DispatcherServlet.java:979)
	at org.springframework.web.servlet.FrameworkServlet.processRequest(FrameworkServlet.java:1014)
	... 24 more
]]></error>
    <system-out><![CDATA[Hibernate: 
    select
        t1_0.id,
        t1_0.assignee,
        t1_0.completed,
        t1_0.description,
        t1_0.due_date,
        t1_0.priority,
        t1_0.title 
    from
        task t1_0
2025-06-01T17:23:12.542+05:30  INFO 43712 --- [crm-service] [           main] com.crm.service.impl.TaskServiceImpl     : Fetching task with ID: 999
Hibernate: 
    select
        t1_0.id,
        t1_0.assignee,
        t1_0.completed,
        t1_0.description,
        t1_0.due_date,
        t1_0.priority,
        t1_0.title 
    from
        task t1_0 
    where
        t1_0.id=?
2025-06-01T17:23:12.548+05:30  WARN 43712 --- [crm-service] [           main] com.crm.service.impl.TaskServiceImpl     : Task with ID 999 not found
Hibernate: 
    select
        t1_0.id,
        t1_0.assignee,
        t1_0.completed,
        t1_0.description,
        t1_0.due_date,
        t1_0.priority,
        t1_0.title 
    from
        task t1_0
]]></system-out>
  </testcase>
  <testcase name="deleteTask_shouldReturnNotFoundWhenTaskNotFound" classname="com.crm.controller.TaskControllerIntegrationTest" time="0.025">
    <error message="Request processing failed: com.crm.exception.TaskNotFoundException: Task not found with id: 999" type="jakarta.servlet.ServletException"><![CDATA[jakarta.servlet.ServletException: Request processing failed: com.crm.exception.TaskNotFoundException: Task not found with id: 999
	at org.springframework.web.servlet.FrameworkServlet.processRequest(FrameworkServlet.java:1022)
	at org.springframework.web.servlet.FrameworkServlet.doDelete(FrameworkServlet.java:936)
	at jakarta.servlet.http.HttpServlet.service(HttpServlet.java:596)
	at org.springframework.web.servlet.FrameworkServlet.service(FrameworkServlet.java:885)
	at org.springframework.test.web.servlet.TestDispatcherServlet.service(TestDispatcherServlet.java:72)
	at jakarta.servlet.http.HttpServlet.service(HttpServlet.java:658)
	at org.springframework.mock.web.MockFilterChain$ServletFilterProxy.doFilter(MockFilterChain.java:165)
	at org.springframework.mock.web.MockFilterChain.doFilter(MockFilterChain.java:132)
	at org.springframework.web.filter.RequestContextFilter.doFilterInternal(RequestContextFilter.java:100)
	at org.springframework.web.filter.OncePerRequestFilter.doFilter(OncePerRequestFilter.java:116)
	at org.springframework.test.web.servlet.setup.MockMvcFilterDecorator.doFilter(MockMvcFilterDecorator.java:151)
	at org.springframework.mock.web.MockFilterChain.doFilter(MockFilterChain.java:132)
	at org.springframework.web.filter.FormContentFilter.doFilterInternal(FormContentFilter.java:93)
	at org.springframework.web.filter.OncePerRequestFilter.doFilter(OncePerRequestFilter.java:116)
	at org.springframework.test.web.servlet.setup.MockMvcFilterDecorator.doFilter(MockMvcFilterDecorator.java:151)
	at org.springframework.mock.web.MockFilterChain.doFilter(MockFilterChain.java:132)
	at org.springframework.web.filter.CharacterEncodingFilter.doFilterInternal(CharacterEncodingFilter.java:201)
	at org.springframework.web.filter.OncePerRequestFilter.doFilter(OncePerRequestFilter.java:116)
	at org.springframework.test.web.servlet.setup.MockMvcFilterDecorator.doFilter(MockMvcFilterDecorator.java:151)
	at org.springframework.mock.web.MockFilterChain.doFilter(MockFilterChain.java:132)
	at org.springframework.test.web.servlet.MockMvc.perform(MockMvc.java:201)
	at com.crm.controller.TaskControllerIntegrationTest.deleteTask_shouldReturnNotFoundWhenTaskNotFound(TaskControllerIntegrationTest.java:142)
	at java.base/java.lang.reflect.Method.invoke(Method.java:568)
	at java.base/java.util.ArrayList.forEach(ArrayList.java:1511)
	at java.base/java.util.ArrayList.forEach(ArrayList.java:1511)
Caused by: com.crm.exception.TaskNotFoundException: Task not found with id: 999
	at com.crm.service.impl.TaskServiceImpl.deleteTask(TaskServiceImpl.java:115)
	at com.crm.controller.TaskController.deleteTask(TaskController.java:71)
	at java.base/jdk.internal.reflect.NativeMethodAccessorImpl.invoke0(Native Method)
	at java.base/jdk.internal.reflect.NativeMethodAccessorImpl.invoke(NativeMethodAccessorImpl.java:77)
	at java.base/jdk.internal.reflect.DelegatingMethodAccessorImpl.invoke(DelegatingMethodAccessorImpl.java:43)
	at java.base/java.lang.reflect.Method.invoke(Method.java:568)
	at org.springframework.web.method.support.InvocableHandlerMethod.doInvoke(InvocableHandlerMethod.java:259)
	at org.springframework.web.method.support.InvocableHandlerMethod.invokeForRequest(InvocableHandlerMethod.java:192)
	at org.springframework.web.servlet.mvc.method.annotation.ServletInvocableHandlerMethod.invokeAndHandle(ServletInvocableHandlerMethod.java:118)
	at org.springframework.web.servlet.mvc.method.annotation.RequestMappingHandlerAdapter.invokeHandlerMethod(RequestMappingHandlerAdapter.java:920)
	at org.springframework.web.servlet.mvc.method.annotation.RequestMappingHandlerAdapter.handleInternal(RequestMappingHandlerAdapter.java:830)
	at org.springframework.web.servlet.mvc.method.AbstractHandlerMethodAdapter.handle(AbstractHandlerMethodAdapter.java:87)
	at org.springframework.web.servlet.DispatcherServlet.doDispatch(DispatcherServlet.java:1089)
	at org.springframework.web.servlet.DispatcherServlet.doService(DispatcherServlet.java:979)
	at org.springframework.web.servlet.FrameworkServlet.processRequest(FrameworkServlet.java:1014)
	... 24 more
]]></error>
    <system-out><![CDATA[Hibernate: 
    select
        t1_0.id,
        t1_0.assignee,
        t1_0.completed,
        t1_0.description,
        t1_0.due_date,
        t1_0.priority,
        t1_0.title 
    from
        task t1_0
2025-06-01T17:23:12.572+05:30  INFO 43712 --- [crm-service] [           main] com.crm.service.impl.TaskServiceImpl     : Deleting task with ID: 999
Hibernate: 
    select
        count(*) 
    from
        task t1_0 
    where
        t1_0.id=?
2025-06-01T17:23:12.578+05:30  WARN 43712 --- [crm-service] [           main] com.crm.service.impl.TaskServiceImpl     : Task with ID 999 not found for deletion.
Hibernate: 
    select
        t1_0.id,
        t1_0.assignee,
        t1_0.completed,
        t1_0.description,
        t1_0.due_date,
        t1_0.priority,
        t1_0.title 
    from
        task t1_0
]]></system-out>
  </testcase>
  <testcase name="getTaskById_shouldReturnTaskWhenFound" classname="com.crm.controller.TaskControllerIntegrationTest" time="0.041">
    <system-out><![CDATA[Hibernate: 
    select
        t1_0.id,
        t1_0.assignee,
        t1_0.completed,
        t1_0.description,
        t1_0.due_date,
        t1_0.priority,
        t1_0.title 
    from
        task t1_0
Hibernate: 
    insert 
    into
        task
        (assignee, completed, description, due_date, priority, title) 
    values
        (?, ?, ?, ?, ?, ?)
2025-06-01T17:23:12.610+05:30  INFO 43712 --- [crm-service] [           main] com.crm.service.impl.TaskServiceImpl     : Fetching task with ID: 6
Hibernate: 
    select
        t1_0.id,
        t1_0.assignee,
        t1_0.completed,
        t1_0.description,
        t1_0.due_date,
        t1_0.priority,
        t1_0.title 
    from
        task t1_0 
    where
        t1_0.id=?
2025-06-01T17:23:12.615+05:30  INFO 43712 --- [crm-service] [           main] com.crm.service.impl.TaskServiceImpl     : Task with ID 6 found
Hibernate: 
    select
        t1_0.id,
        t1_0.assignee,
        t1_0.completed,
        t1_0.description,
        t1_0.due_date,
        t1_0.priority,
        t1_0.title 
    from
        task t1_0
Hibernate: 
    delete 
    from
        task 
    where
        id=?
]]></system-out>
  </testcase>
  <testcase name="getAllTasks_shouldReturnEmptyList" classname="com.crm.controller.TaskControllerIntegrationTest" time="0.024">
    <system-out><![CDATA[Hibernate: 
    select
        t1_0.id,
        t1_0.assignee,
        t1_0.completed,
        t1_0.description,
        t1_0.due_date,
        t1_0.priority,
        t1_0.title 
    from
        task t1_0
2025-06-01T17:23:12.645+05:30  INFO 43712 --- [crm-service] [           main] com.crm.service.impl.TaskServiceImpl     : Fetching all tasks
Hibernate: 
    select
        t1_0.id,
        t1_0.assignee,
        t1_0.completed,
        t1_0.description,
        t1_0.due_date,
        t1_0.priority,
        t1_0.title 
    from
        task t1_0
2025-06-01T17:23:12.650+05:30  INFO 43712 --- [crm-service] [           main] com.crm.service.impl.TaskServiceImpl     : Fetched 0 tasks
Hibernate: 
    select
        t1_0.id,
        t1_0.assignee,
        t1_0.completed,
        t1_0.description,
        t1_0.due_date,
        t1_0.priority,
        t1_0.title 
    from
        task t1_0
]]></system-out>
  </testcase>
</testsuite>